<?xml version="1.0" encoding="UTF-8"?>
<!-- Generated by org.testng.reporters.JUnitReportReporter -->
<testsuite name="com.automation.webtestscripts.LoginTest" tests="1" time="28.806" ignored="0" failures="0" timestamp="12 Sep 2017 15:05:14 GMT" skipped="0" hostname="DESKTOP-02QTJU3" errors="0">
  <testcase name="login" time="28.806" classname="com.automation.webtestscripts.LoginTest"/>
</testsuite> <!-- com.automation.webtestscripts.LoginTest -->
