<?xml version="1.0" encoding="UTF-8"?>
<!-- Generated by org.testng.reporters.JUnitReportReporter -->
<testsuite name="com.automation.testscripts.ValidateLinks" tests="1" time="0.350" ignored="0" failures="0" timestamp="02 Aug 2020 08:37:13 GMT" skipped="0" hostname="DESKTOP-02QTJU3" errors="0">
  <testcase name="validateHomePageLink" time="0.350" classname="com.automation.testscripts.ValidateLinks"/>
</testsuite> <!-- com.automation.testscripts.ValidateLinks -->
