<?xml version="1.0" encoding="UTF-8"?>
<!-- Generated by org.testng.reporters.JUnitReportReporter -->
<testsuite name="com.automation.testscripts.LoginTest" tests="2" time="29.584" ignored="0" failures="0" timestamp="02 Aug 2020 08:20:38 GMT" skipped="0" hostname="DESKTOP-02QTJU3" errors="0">
  <testcase name="logout" time="7.151" classname="com.automation.testscripts.LoginTest"/>
  <testcase name="login" time="22.433" classname="com.automation.testscripts.LoginTest"/>
</testsuite> <!-- com.automation.testscripts.LoginTest -->
