<?xml version="1.0" encoding="UTF-8"?>
<!-- Generated by org.testng.reporters.JUnitReportReporter -->
<testsuite name="com.automation.baseclass.BaseClass" tests="1" time="0.016" ignored="0" failures="0" timestamp="11 Sep 2017 18:23:01 GMT" skipped="0" hostname="DESKTOP-02QTJU3" errors="0">
  <testcase name="setup" time="0.016" classname="com.automation.baseclass.BaseClass"/>
</testsuite> <!-- com.automation.baseclass.BaseClass -->
